postgres://hppoc:password@127.0.0.1:5432/fabricexplorer


Please open web browser to access ：http://localhost:8080/


pid is 24886


postgres://hppoc:password@127.0.0.1:5432/fabricexplorer

Sync process is started for the network : [composer_default] and client : [org1]
Insert sql is INSERT INTO channel  ( "name","createdt","blocks","trans","channel_hash","channel_genesis_hash" ) VALUES( $1,$2,$3,$4,$5,$6  ) RETURNING *;
INSERT ID: 3
Insert sql is INSERT INTO peer  ( "mspid","requests","events","server_hostname","channel_genesis_hash","peer_type" ) VALUES( $1,$2,$3,$4,$5,$6  ) RETURNING *;
INSERT ID: 1
Insert sql is INSERT INTO peer_ref_channel  ( "peerid","channelid" ) VALUES( $1,$2  ) RETURNING *;
INSERT ID: 1
Insert sql is INSERT INTO peer  ( "mspid","requests","server_hostname","channel_genesis_hash","peer_type" ) VALUES( $1,$2,$3,$4,$5  ) RETURNING *;
INSERT ID: 2
Insert sql is INSERT INTO peer_ref_channel  ( "peerid","channelid" ) VALUES( $1,$2  ) RETURNING *;
INSERT ID: 2
Insert sql is INSERT INTO chaincodes  ( "name","version","path","txcount","createdt","channel_genesis_hash" ) VALUES( $1,$2,$3,$4,$5,$6  ) RETURNING *;
INSERT ID: 10
Insert sql is INSERT INTO peer_ref_chaincode  ( "chaincodeid","cc_version","peerid","channelid" ) VALUES( $1,$2,$3,$4  ) RETURNING *;
INSERT ID: 1


Synchronizer pid is 24916


read_set length 13043
write_set size >>>>>>>>> :  0.5320253372192383 MB
Insert sql is INSERT INTO transactions  ( "blockid","txhash","createdt","chaincodename","chaincode_id","status","creator_msp_id","endorser_msp_id","type","read_set","write_set","channel_genesis_hash","validation_code","envelope_signature","payload_extension","creator_nonce","chaincode_proposal_input","endorser_signature","creator_id_bytes","payload_proposal_hash","endorser_id_bytes" ) VALUES( $1,$2,$3,$4,$5,$6,$7,$8,$9,$10,$11,$12,$13,$14,$15,$16,$17,$18,$19,$20,$21  ) RETURNING *;
INSERT ID: 6
Insert sql is INSERT INTO blocks  ( "blocknum","datahash","prehash","txcount","createdt","prev_blockhash","blockhash","channel_genesis_hash" ) VALUES( $1,$2,$3,$4,$5,$6,$7,$8  ) RETURNING *;
INSERT ID: 1
Insert sql is INSERT INTO transactions  ( "blockid","txhash","createdt","chaincodename","chaincode_id","status","creator_msp_id","endorser_msp_id","type","read_set","write_set","channel_genesis_hash","validation_code","envelope_signature","payload_extension","creator_nonce","chaincode_proposal_input","endorser_signature","creator_id_bytes","payload_proposal_hash","endorser_id_bytes" ) VALUES( $1,$2,$3,$4,$5,$6,$7,$8,$9,$10,$11,$12,$13,$14,$15,$16,$17,$18,$19,$20,$21  ) RETURNING *;
INSERT ID: 7
Insert sql is INSERT INTO blocks  ( "blocknum","datahash","prehash","txcount","createdt","prev_blockhash","blockhash","channel_genesis_hash" ) VALUES( $1,$2,$3,$4,$5,$6,$7,$8  ) RETURNING *;
INSERT ID: 2
<<<<<<<<<<<<<<<<<<<<<<<<<< Closing client processor >>>>>>>>>>>>>>>>>>>>>
Received kill signal, shutting down gracefully
<<<<<<<<<<<<<<<<<<<<<<<<<< Closing explorer  >>>>>>>>>>>>>>>>>>>>>
Closed out connections
postgres://hppoc:password@127.0.0.1:5432/fabricexplorer


Please open web browser to access ：http://localhost:9080/


pid is 28361


postgres://hppoc:password@127.0.0.1:5432/fabricexplorer

Sync process is started for the network : [composer_default] and client : [org1]
Insert sql is INSERT INTO chaincodes  ( "name","version","path","txcount","createdt","channel_genesis_hash" ) VALUES( $1,$2,$3,$4,$5,$6  ) RETURNING *;
INSERT ID: 11
Insert sql is INSERT INTO peer_ref_chaincode  ( "chaincodeid","cc_version","peerid","channelid" ) VALUES( $1,$2,$3,$4  ) RETURNING *;
INSERT ID: 2


Synchronizer pid is 28388


read_set length 1328
write_set size >>>>>>>>> :  0.5027599334716797 MB
Insert sql is INSERT INTO transactions  ( "blockid","txhash","createdt","chaincodename","chaincode_id","status","creator_msp_id","endorser_msp_id","type","read_set","write_set","channel_genesis_hash","validation_code","envelope_signature","payload_extension","creator_nonce","chaincode_proposal_input","endorser_signature","creator_id_bytes","payload_proposal_hash","endorser_id_bytes" ) VALUES( $1,$2,$3,$4,$5,$6,$7,$8,$9,$10,$11,$12,$13,$14,$15,$16,$17,$18,$19,$20,$21  ) RETURNING *;
INSERT ID: 8
Insert sql is INSERT INTO blocks  ( "blocknum","datahash","prehash","txcount","createdt","prev_blockhash","blockhash","channel_genesis_hash" ) VALUES( $1,$2,$3,$4,$5,$6,$7,$8  ) RETURNING *;
INSERT ID: 3
read_set length 13294
write_set size >>>>>>>>> :  0.5014171600341797 MB
Insert sql is INSERT INTO transactions  ( "blockid","txhash","createdt","chaincodename","chaincode_id","status","creator_msp_id","endorser_msp_id","type","read_set","write_set","channel_genesis_hash","validation_code","envelope_signature","payload_extension","creator_nonce","chaincode_proposal_input","endorser_signature","creator_id_bytes","payload_proposal_hash","endorser_id_bytes" ) VALUES( $1,$2,$3,$4,$5,$6,$7,$8,$9,$10,$11,$12,$13,$14,$15,$16,$17,$18,$19,$20,$21  ) RETURNING *;
INSERT ID: 9
Insert sql is INSERT INTO blocks  ( "blocknum","datahash","prehash","txcount","createdt","prev_blockhash","blockhash","channel_genesis_hash" ) VALUES( $1,$2,$3,$4,$5,$6,$7,$8  ) RETURNING *;
INSERT ID: 4
read_set length 1166
write_set size >>>>>>>>> :  0.5035715103149414 MB
Insert sql is INSERT INTO transactions  ( "blockid","txhash","createdt","chaincodename","chaincode_id","status","creator_msp_id","endorser_msp_id","type","read_set","write_set","channel_genesis_hash","validation_code","envelope_signature","payload_extension","creator_nonce","chaincode_proposal_input","endorser_signature","creator_id_bytes","payload_proposal_hash","endorser_id_bytes" ) VALUES( $1,$2,$3,$4,$5,$6,$7,$8,$9,$10,$11,$12,$13,$14,$15,$16,$17,$18,$19,$20,$21  ) RETURNING *;
INSERT ID: 10
Insert sql is INSERT INTO blocks  ( "blocknum","datahash","prehash","txcount","createdt","prev_blockhash","blockhash","channel_genesis_hash" ) VALUES( $1,$2,$3,$4,$5,$6,$7,$8  ) RETURNING *;
INSERT ID: 5
read_set length 1269
write_set size >>>>>>>>> :  0.502842903137207 MB
Insert sql is INSERT INTO transactions  ( "blockid","txhash","createdt","chaincodename","chaincode_id","status","creator_msp_id","endorser_msp_id","type","read_set","write_set","channel_genesis_hash","validation_code","envelope_signature","payload_extension","creator_nonce","chaincode_proposal_input","endorser_signature","creator_id_bytes","payload_proposal_hash","endorser_id_bytes" ) VALUES( $1,$2,$3,$4,$5,$6,$7,$8,$9,$10,$11,$12,$13,$14,$15,$16,$17,$18,$19,$20,$21  ) RETURNING *;
INSERT ID: 11
Insert sql is INSERT INTO blocks  ( "blocknum","datahash","prehash","txcount","createdt","prev_blockhash","blockhash","channel_genesis_hash" ) VALUES( $1,$2,$3,$4,$5,$6,$7,$8  ) RETURNING *;
INSERT ID: 6
read_set length 1328
write_set size >>>>>>>>> :  0.5027475357055664 MB
Insert sql is INSERT INTO transactions  ( "blockid","txhash","createdt","chaincodename","chaincode_id","status","creator_msp_id","endorser_msp_id","type","read_set","write_set","channel_genesis_hash","validation_code","envelope_signature","payload_extension","creator_nonce","chaincode_proposal_input","endorser_signature","creator_id_bytes","payload_proposal_hash","endorser_id_bytes" ) VALUES( $1,$2,$3,$4,$5,$6,$7,$8,$9,$10,$11,$12,$13,$14,$15,$16,$17,$18,$19,$20,$21  ) RETURNING *;
INSERT ID: 12
Insert sql is INSERT INTO blocks  ( "blocknum","datahash","prehash","txcount","createdt","prev_blockhash","blockhash","channel_genesis_hash" ) VALUES( $1,$2,$3,$4,$5,$6,$7,$8  ) RETURNING *;
INSERT ID: 7
read_set length 1326
write_set size >>>>>>>>> :  0.5027790069580078 MB
Insert sql is INSERT INTO transactions  ( "blockid","txhash","createdt","chaincodename","chaincode_id","status","creator_msp_id","endorser_msp_id","type","read_set","write_set","channel_genesis_hash","validation_code","envelope_signature","payload_extension","creator_nonce","chaincode_proposal_input","endorser_signature","creator_id_bytes","payload_proposal_hash","endorser_id_bytes" ) VALUES( $1,$2,$3,$4,$5,$6,$7,$8,$9,$10,$11,$12,$13,$14,$15,$16,$17,$18,$19,$20,$21  ) RETURNING *;
INSERT ID: 13
Insert sql is INSERT INTO blocks  ( "blocknum","datahash","prehash","txcount","createdt","prev_blockhash","blockhash","channel_genesis_hash" ) VALUES( $1,$2,$3,$4,$5,$6,$7,$8  ) RETURNING *;
INSERT ID: 8
<<<<<<<<<<<<<<<<<<<<<<<<<< Closing client processor >>>>>>>>>>>>>>>>>>>>>
Received kill signal, shutting down gracefully
<<<<<<<<<<<<<<<<<<<<<<<<<< Closing explorer  >>>>>>>>>>>>>>>>>>>>>
Closed out connections
<<<<<<<<<<<<<<<<<<<<<<<<<< Closing client processor >>>>>>>>>>>>>>>>>>>>>
